[04:48:31 am] [INFO] <=== Starting Scenario: check windowhandles ===>
[04:48:43 am] [INFO] Step [Passed]: Launch "framesPage" WebPage
[04:48:44 am] [INFO] Step [Passed]: And the user enters "subbu" into the "inputbox" textbox at the "WHPage" page
[04:48:44 am] [ERROR] Step [Failed]: And the user switches to frame "frame1" in "WHPage" page
[04:48:44 am] [ERROR] { ERROR ---> }: No frame element found by name or id frame1
Build info: version: '4.35.0', revision: '1c58e5028b'
System info: os.name: 'Windows 11', os.arch: 'amd64', os.version: '10.0', java.version: '24'
Driver info: driver.version: unknown
org.openqa.selenium.NoSuchFrameException: No frame element found by name or id frame1
Build info: version: '4.35.0', revision: '1c58e5028b'
System info: os.name: 'Windows 11', os.arch: 'amd64', os.version: '10.0', java.version: '24'
Driver info: driver.version: unknown
	at org.openqa.selenium.remote.RemoteWebDriver$RemoteTargetLocator.frame(RemoteWebDriver.java:1123) ~[selenium-remote-driver-4.35.0.jar:?]
	at utils.WindowAndFrames.frame(WindowAndFrames.java:135) ~[test-classes/:?]
	at stepDefinitions.WindowHandleAndFrames.the_user_switches_to_frame_in_page(WindowHandleAndFrames.java:110) [test-classes/:?]
	at java.base/jdk.internal.reflect.DirectMethodHandleAccessor.invoke(DirectMethodHandleAccessor.java:104) ~[?:?]
	at java.base/java.lang.reflect.Method.invoke(Method.java:565) ~[?:?]
	at io.cucumber.java.Invoker.doInvoke(Invoker.java:66) [cucumber-java-7.22.1.jar:7.22.1]
	at io.cucumber.java.Invoker.invoke(Invoker.java:24) [cucumber-java-7.22.1.jar:7.22.1]
	at io.cucumber.java.AbstractGlueDefinition.invokeMethod(AbstractGlueDefinition.java:47) [cucumber-java-7.22.1.jar:7.22.1]
	at io.cucumber.java.JavaStepDefinition.execute(JavaStepDefinition.java:29) [cucumber-java-7.22.1.jar:7.22.1]
	at io.cucumber.core.runner.CoreStepDefinition.execute(CoreStepDefinition.java:66) [cucumber-core-7.22.1.jar:7.22.1]
	at io.cucumber.core.runner.PickleStepDefinitionMatch.runStep(PickleStepDefinitionMatch.java:62) [cucumber-core-7.22.1.jar:7.22.1]
	at io.cucumber.core.runner.ExecutionMode$1.execute(ExecutionMode.java:10) [cucumber-core-7.22.1.jar:7.22.1]
	at io.cucumber.core.runner.TestStep.executeStep(TestStep.java:81) [cucumber-core-7.22.1.jar:7.22.1]
	at io.cucumber.core.runner.TestStep.run(TestStep.java:53) [cucumber-core-7.22.1.jar:7.22.1]
	at io.cucumber.core.runner.PickleStepTestStep.run(PickleStepTestStep.java:51) [cucumber-core-7.22.1.jar:7.22.1]
	at io.cucumber.core.runner.TestCase.run(TestCase.java:86) [cucumber-core-7.22.1.jar:7.22.1]
	at io.cucumber.core.runner.Runner.runPickle(Runner.java:77) [cucumber-core-7.22.1.jar:7.22.1]
	at io.cucumber.core.runtime.Runtime.lambda$executePickle$6(Runtime.java:107) [cucumber-core-7.22.1.jar:7.22.1]
	at io.cucumber.core.runtime.CucumberExecutionContext.lambda$runTestCase$5(CucumberExecutionContext.java:136) [cucumber-core-7.22.1.jar:7.22.1]
	at io.cucumber.core.runtime.RethrowingThrowableCollector.executeAndThrow(RethrowingThrowableCollector.java:23) [cucumber-core-7.22.1.jar:7.22.1]
	at io.cucumber.core.runtime.CucumberExecutionContext.runTestCase(CucumberExecutionContext.java:136) [cucumber-core-7.22.1.jar:7.22.1]
	at io.cucumber.core.runtime.Runtime.lambda$executePickle$7(Runtime.java:107) [cucumber-core-7.22.1.jar:7.22.1]
	at java.base/java.util.concurrent.Executors$RunnableAdapter.call(Executors.java:545) [?:?]
	at java.base/java.util.concurrent.FutureTask.run(FutureTask.java:328) [?:?]
	at io.cucumber.core.runtime.Runtime$SameThreadExecutorService.execute(Runtime.java:235) [cucumber-core-7.22.1.jar:7.22.1]
	at java.base/java.util.concurrent.AbstractExecutorService.submit(AbstractExecutorService.java:124) [?:?]
	at io.cucumber.core.runtime.Runtime.lambda$runFeatures$3(Runtime.java:89) [cucumber-core-7.22.1.jar:7.22.1]
	at java.base/java.util.stream.ReferencePipeline$3$1.accept(ReferencePipeline.java:215) [?:?]
	at java.base/java.util.stream.SliceOps$1$1.accept(SliceOps.java:200) [?:?]
	at java.base/java.util.ArrayList$ArrayListSpliterator.tryAdvance(ArrayList.java:1693) [?:?]
	at java.base/java.util.stream.ReferencePipeline.forEachWithCancel(ReferencePipeline.java:147) [?:?]
	at java.base/java.util.stream.AbstractPipeline.copyIntoWithCancel(AbstractPipeline.java:588) [?:?]
	at java.base/java.util.stream.AbstractPipeline.copyInto(AbstractPipeline.java:574) [?:?]
	at java.base/java.util.stream.AbstractPipeline.wrapAndCopyInto(AbstractPipeline.java:560) [?:?]
	at java.base/java.util.stream.ReduceOps$ReduceOp.evaluateSequential(ReduceOps.java:921) [?:?]
	at java.base/java.util.stream.AbstractPipeline.evaluate(AbstractPipeline.java:265) [?:?]
	at java.base/java.util.stream.ReferencePipeline.collect(ReferencePipeline.java:727) [?:?]
	at io.cucumber.core.runtime.Runtime.runFeatures(Runtime.java:90) [cucumber-core-7.22.1.jar:7.22.1]
	at io.cucumber.core.runtime.Runtime.lambda$run$0(Runtime.java:78) [cucumber-core-7.22.1.jar:7.22.1]
	at io.cucumber.core.runtime.CucumberExecutionContext.lambda$runFeatures$6(CucumberExecutionContext.java:147) [cucumber-core-7.22.1.jar:7.22.1]
	at io.cucumber.core.runtime.CucumberExecutionContext.execute(CucumberExecutionContext.java:162) [cucumber-core-7.22.1.jar:7.22.1]
	at io.cucumber.core.runtime.CucumberExecutionContext.runFeatures(CucumberExecutionContext.java:145) [cucumber-core-7.22.1.jar:7.22.1]
	at io.cucumber.core.runtime.Runtime.run(Runtime.java:78) [cucumber-core-7.22.1.jar:7.22.1]
	at io.cucumber.core.cli.Main.run(Main.java:87) [cucumber-core-7.22.1.jar:7.22.1]
	at cucumber.api.cli.Main.run(Main.java:30) [cucumber-core-7.22.1.jar:7.22.1]
	at cucumber.api.cli.Main.main(Main.java:15) [cucumber-core-7.22.1.jar:7.22.1]
[04:48:44 am] [DEBUG] Save core properties part
[04:48:44 am] [DEBUG] Save content types part
[04:48:44 am] [DEBUG] Save package relationships
[04:48:44 am] [DEBUG] Save part 'docProps/app.xml'
[04:48:44 am] [DEBUG] Save part 'docProps/core.xml'
[04:48:44 am] [DEBUG] Save part 'word/document.xml'
[04:48:44 am] [DEBUG] Save part 'word/media/image1.png'
[04:48:44 am] [DEBUG] Save part 'word/media/image2.png'
[04:48:44 am] [DEBUG] Save part 'word/media/image3.png'
[04:48:44 am] [DEBUG] Save part 'word/settings.xml'
