<?xml version="1.0" encoding="UTF-8"?>
<testng-results ignored="0" total="2" passed="2" failed="0" skipped="0">
  <reporter-output>
  </reporter-output>
  <suite started-at="2025-12-07T17:46:39 IST" name="Default suite" finished-at="2025-12-07T17:47:06 IST" duration-ms="27523">
    <groups>
      <group name="cucumber">
        <method signature="AbstractTestNGCucumberTests.runScenario(io.cucumber.testng.PickleWrapper,io.cucumber.testng.FeatureWrapper)[pri:0, instance:Runners.TestNGRunner@6aa3a905]" name="runScenario" class="io.cucumber.testng.AbstractTestNGCucumberTests"/>
      </group> <!-- cucumber -->
    </groups>
    <test started-at="2025-12-07T17:46:39 IST" name="Default test" finished-at="2025-12-07T17:47:06 IST" duration-ms="27523">
      <class name="Runners.TestNGRunner">
        <test-method is-config="true" signature="setUpClass(org.testng.ITestContext)[pri:0, instance:Runners.TestNGRunner@6aa3a905]" started-at="2025-12-07T17:46:39 IST" name="setUpClass" finished-at="2025-12-07T17:46:39 IST" duration-ms="244" status="PASS">
          <params>
            <param index="0">
              <value>
                <![CDATA[org.testng.TestRunner@5c8d58ed]]>
              </value>
            </param>
          </params>
          <reporter-output>
          </reporter-output>
        </test-method> <!-- setUpClass -->
        <test-method signature="runScenario(io.cucumber.testng.PickleWrapper,io.cucumber.testng.FeatureWrapper)[pri:0, instance:Runners.TestNGRunner@6aa3a905]" started-at="2025-12-07T17:46:39 IST" name="runScenario" description="Runs Cucumber Scenarios" data-provider="scenarios" finished-at="2025-12-07T17:46:56 IST" duration-ms="17396" status="PASS">
          <params>
            <param index="0">
              <value>
                <![CDATA["checking dropdowns"]]>
              </value>
            </param>
            <param index="1">
              <value>
                <![CDATA["dropdowns"]]>
              </value>
            </param>
          </params>
          <reporter-output>
          </reporter-output>
        </test-method> <!-- runScenario -->
        <test-method signature="runScenario(io.cucumber.testng.PickleWrapper,io.cucumber.testng.FeatureWrapper)[pri:0, instance:Runners.TestNGRunner@6aa3a905]" started-at="2025-12-07T17:46:56 IST" name="runScenario" description="Runs Cucumber Scenarios" data-provider="scenarios" finished-at="2025-12-07T17:47:06 IST" duration-ms="9838" status="PASS">
          <params>
            <param index="0">
              <value>
                <![CDATA["checking uploadfiles"]]>
              </value>
            </param>
            <param index="1">
              <value>
                <![CDATA["uploadfiles"]]>
              </value>
            </param>
          </params>
          <reporter-output>
          </reporter-output>
        </test-method> <!-- runScenario -->
        <test-method is-config="true" signature="tearDownClass()[pri:0, instance:Runners.TestNGRunner@6aa3a905]" started-at="2025-12-07T17:47:06 IST" name="tearDownClass" finished-at="2025-12-07T17:47:06 IST" duration-ms="2" status="PASS">
          <reporter-output>
          </reporter-output>
        </test-method> <!-- tearDownClass -->
      </class> <!-- Runners.TestNGRunner -->
    </test> <!-- Default test -->
  </suite> <!-- Default suite -->
</testng-results>
