<?xml version="1.0" encoding="UTF-8"?>
<!-- Generated by org.testng.reporters.JUnitReportReporter -->
<testsuite hostname="STARK" failures="0" tests="11" name="Runners.BaseTestNGRunner" time="88.704" errors="5" timestamp="2025-12-07T17:40:14 IST" skipped="0">
  <testcase classname="Runners.BaseTestNGRunner" name="runScenario" time="3.330">
    <error message="Error: no such element: Unable to locate element: {&quot;method&quot;:&quot;xpath&quot;,&quot;selector&quot;:&quot;//*[@id=&quot;HTML3&quot;]/div[1]/div/button&quot;}
  (Session info: MicrosoftEdge=143.0.3650.66)
For documentation on this error, please visit: https://www.selenium.dev/documentation/webdriver/troubleshooting/errors#no-such-element-exception
Build info: version: &#039;4.35.0&#039;, revision: &#039;1c58e5028b&#039;
System info: os.name: &#039;Windows 11&#039;, os.arch: &#039;amd64&#039;, os.version: &#039;10.0&#039;, java.version: &#039;24&#039;
Driver info: org.openqa.selenium.edge.EdgeDriver
Command: [335f9310aca9ef5f816e29891a4ef26f, findElement {value=//*[@id=&quot;HTML3&quot;]/div[1]/div/button, using=xpath}]
Capabilities {acceptInsecureCerts: false, browserName: MicrosoftEdge, browserVersion: 143.0.3650.66, fedcm:accounts: true, goog:processID: 27688, ms:edgeOptions: {debuggerAddress: localhost:55612}, msedge: {msedgedriverVersion: 143.0.3650.66 (507b0dd34c3d..., userDataDir: C:\Users\ASUS\AppData\Local...}, networkConnectionEnabled: false, pageLoadStrategy: normal, platformName: windows, proxy: Proxy(), se:cdp: ws://localhost:55612/devtoo..., se:cdpVersion: 143.0.3650.66, setWindowRect: true, strictFileInteractability: false, timeouts: {implicit: 0, pageLoad: 300000, script: 30000}, unhandledPromptBehavior: dismiss and notify, webauthn:extension:credBlob: true, webauthn:extension:largeBlob: true, webauthn:extension:minPinLength: true, webauthn:extension:prf: true, webauthn:virtualAuthenticators: true}
Session ID: 335f9310aca9ef5f816e29891a4ef26f" type="java.lang.RuntimeException">
      <![CDATA[java.lang.RuntimeException: Error: no such element: Unable to locate element: {"method":"xpath","selector":"//*[@id="HTML3"]/div[1]/div/button"}
  (Session info: MicrosoftEdge=143.0.3650.66)
For documentation on this error, please visit: https://www.selenium.dev/documentation/webdriver/troubleshooting/errors#no-such-element-exception
Build info: version: '4.35.0', revision: '1c58e5028b'
System info: os.name: 'Windows 11', os.arch: 'amd64', os.version: '10.0', java.version: '24'
Driver info: org.openqa.selenium.edge.EdgeDriver
Command: [335f9310aca9ef5f816e29891a4ef26f, findElement {value=//*[@id="HTML3"]/div[1]/div/button, using=xpath}]
Capabilities {acceptInsecureCerts: false, browserName: MicrosoftEdge, browserVersion: 143.0.3650.66, fedcm:accounts: true, goog:processID: 27688, ms:edgeOptions: {debuggerAddress: localhost:55612}, msedge: {msedgedriverVersion: 143.0.3650.66 (507b0dd34c3d..., userDataDir: C:\Users\ASUS\AppData\Local...}, networkConnectionEnabled: false, pageLoadStrategy: normal, platformName: windows, proxy: Proxy(), se:cdp: ws://localhost:55612/devtoo..., se:cdpVersion: 143.0.3650.66, setWindowRect: true, strictFileInteractability: false, timeouts: {implicit: 0, pageLoad: 300000, script: 30000}, unhandledPromptBehavior: dismiss and notify, webauthn:extension:credBlob: true, webauthn:extension:largeBlob: true, webauthn:extension:minPinLength: true, webauthn:extension:prf: true, webauthn:virtualAuthenticators: true}
Session ID: 335f9310aca9ef5f816e29891a4ef26f
at utils.LoadProperties.hover(LoadProperties.java:236)
at stepDefinitions.CommonSteps.Hover_button(CommonSteps.java:91)
at ✽.the user hovers over the "hover" element at the "LoginPage" page(file:///C:/Users/ASUS/IdeaProjects/MyAutomation/src/test/resources/features/checkboxandradio.feature:12)
Caused by: org.openqa.selenium.NoSuchElementException: no such element: Unable to locate element: {"method":"xpath","selector":"//*[@id="HTML3"]/div[1]/div/button"}
  (Session info: MicrosoftEdge=143.0.3650.66)
For documentation on this error, please visit: https://www.selenium.dev/documentation/webdriver/troubleshooting/errors#no-such-element-exception
Build info: version: '4.35.0', revision: '1c58e5028b'
System info: os.name: 'Windows 11', os.arch: 'amd64', os.version: '10.0', java.version: '24'
Driver info: org.openqa.selenium.edge.EdgeDriver
Command: [335f9310aca9ef5f816e29891a4ef26f, findElement {value=//*[@id="HTML3"]/div[1]/div/button, using=xpath}]
Capabilities {acceptInsecureCerts: false, browserName: MicrosoftEdge, browserVersion: 143.0.3650.66, fedcm:accounts: true, goog:processID: 27688, ms:edgeOptions: {debuggerAddress: localhost:55612}, msedge: {msedgedriverVersion: 143.0.3650.66 (507b0dd34c3d..., userDataDir: C:\Users\ASUS\AppData\Local...}, networkConnectionEnabled: false, pageLoadStrategy: normal, platformName: windows, proxy: Proxy(), se:cdp: ws://localhost:55612/devtoo..., se:cdpVersion: 143.0.3650.66, setWindowRect: true, strictFileInteractability: false, timeouts: {implicit: 0, pageLoad: 300000, script: 30000}, unhandledPromptBehavior: dismiss and notify, webauthn:extension:credBlob: true, webauthn:extension:largeBlob: true, webauthn:extension:minPinLength: true, webauthn:extension:prf: true, webauthn:virtualAuthenticators: true}
Session ID: 335f9310aca9ef5f816e29891a4ef26f
at java.base/jdk.internal.reflect.DirectConstructorHandleAccessor.newInstance(DirectConstructorHandleAccessor.java:62)
at java.base/java.lang.reflect.Constructor.newInstanceWithCaller(Constructor.java:499)
at java.base/java.lang.reflect.Constructor.newInstance(Constructor.java:483)
at org.openqa.selenium.remote.ErrorCodec.decode(ErrorCodec.java:167)
at org.openqa.selenium.remote.codec.w3c.W3CHttpResponseCodec.decode(W3CHttpResponseCodec.java:138)
at org.openqa.selenium.remote.codec.w3c.W3CHttpResponseCodec.decode(W3CHttpResponseCodec.java:50)
at org.openqa.selenium.remote.HttpCommandExecutor.execute(HttpCommandExecutor.java:215)
at org.openqa.selenium.remote.service.DriverCommandExecutor.invokeExecute(DriverCommandExecutor.java:216)
at org.openqa.selenium.remote.service.DriverCommandExecutor.execute(DriverCommandExecutor.java:174)
at org.openqa.selenium.remote.RemoteWebDriver.execute(RemoteWebDriver.java:557)
at org.openqa.selenium.remote.ElementLocation$ElementFinder$2.findElement(ElementLocation.java:165)
at org.openqa.selenium.remote.ElementLocation.findElement(ElementLocation.java:59)
at org.openqa.selenium.remote.RemoteWebDriver.findElement(RemoteWebDriver.java:380)
at org.openqa.selenium.remote.RemoteWebDriver.findElement(RemoteWebDriver.java:374)
at utils.LoadProperties.hover(LoadProperties.java:228)
... 2 more
]]>
    </error>
  </testcase> <!-- runScenario -->
  <testcase classname="Runners.BaseTestNGRunner" name="runScenario" time="0.902">
    <error message="&quot;rahulshettyacademyUpld&quot; not found in sheet &#039;URLs&#039; " type="java.lang.RuntimeException">
      <![CDATA[java.lang.RuntimeException: "rahulshettyacademyUpld" not found in sheet 'URLs' 
at utils.ExcelUtil.getCellByLookup(ExcelUtil.java:116)
at utils.ExcelUtil.getUrl(ExcelUtil.java:38)
at stepDefinitions.ExcelSteps.the_user_fetches_url_for__PageName_from_sheet(ExcelSteps.java:47)
at ✽.the user fetches the URL for WebPage "rahulshettyacademyUpld" from sheet "URLs"(file:///C:/Users/ASUS/IdeaProjects/MyAutomation/src/test/resources/features/uploadfiles.feature:7)
]]>
    </error>
  </testcase> <!-- runScenario -->
  <testcase classname="Runners.BaseTestNGRunner" name="runScenario" time="5.380"/>
  <testcase classname="Runners.BaseTestNGRunner" name="runScenario" time="13.749">
    <error message="Error: Expected condition failed: waiting for visibility of element located by By.xpath: //*[@id=&quot;loginForm&quot;]/div[1]/div[1]/div/label/input (tried for 10 second(s) with 500 milliseconds interval)
Build info: version: &#039;4.35.0&#039;, revision: &#039;1c58e5028b&#039;
System info: os.name: &#039;Windows 11&#039;, os.arch: &#039;amd64&#039;, os.version: &#039;10.0&#039;, java.version: &#039;24&#039;
Driver info: org.openqa.selenium.edge.EdgeDriver
Capabilities {acceptInsecureCerts: false, browserName: MicrosoftEdge, browserVersion: 143.0.3650.66, fedcm:accounts: true, goog:processID: 19744, ms:edgeOptions: {debuggerAddress: localhost:65120}, msedge: {msedgedriverVersion: 143.0.3650.66 (507b0dd34c3d..., userDataDir: C:\Users\ASUS\AppData\Local...}, networkConnectionEnabled: false, pageLoadStrategy: normal, platformName: windows, proxy: Proxy(), se:cdp: ws://localhost:65120/devtoo..., se:cdpVersion: 143.0.3650.66, setWindowRect: true, strictFileInteractability: false, timeouts: {implicit: 0, pageLoad: 300000, script: 30000}, unhandledPromptBehavior: dismiss and notify, webauthn:extension:credBlob: true, webauthn:extension:largeBlob: true, webauthn:extension:minPinLength: true, webauthn:extension:prf: true, webauthn:virtualAuthenticators: true}
Session ID: 37b698070540d43b248f219d580332e4" type="java.lang.RuntimeException">
      <![CDATA[java.lang.RuntimeException: Error: Expected condition failed: waiting for visibility of element located by By.xpath: //*[@id="loginForm"]/div[1]/div[1]/div/label/input (tried for 10 second(s) with 500 milliseconds interval)
Build info: version: '4.35.0', revision: '1c58e5028b'
System info: os.name: 'Windows 11', os.arch: 'amd64', os.version: '10.0', java.version: '24'
Driver info: org.openqa.selenium.edge.EdgeDriver
Capabilities {acceptInsecureCerts: false, browserName: MicrosoftEdge, browserVersion: 143.0.3650.66, fedcm:accounts: true, goog:processID: 19744, ms:edgeOptions: {debuggerAddress: localhost:65120}, msedge: {msedgedriverVersion: 143.0.3650.66 (507b0dd34c3d..., userDataDir: C:\Users\ASUS\AppData\Local...}, networkConnectionEnabled: false, pageLoadStrategy: normal, platformName: windows, proxy: Proxy(), se:cdp: ws://localhost:65120/devtoo..., se:cdpVersion: 143.0.3650.66, setWindowRect: true, strictFileInteractability: false, timeouts: {implicit: 0, pageLoad: 300000, script: 30000}, unhandledPromptBehavior: dismiss and notify, webauthn:extension:credBlob: true, webauthn:extension:largeBlob: true, webauthn:extension:minPinLength: true, webauthn:extension:prf: true, webauthn:virtualAuthenticators: true}
Session ID: 37b698070540d43b248f219d580332e4
at utils.LoadProperties.pageClass_LoadPage(LoadProperties.java:147)
at stepDefinitions.UserLoginPage.Enter_UserName(UserLoginPage.java:16)
at ✽.the user enters UserName "username" into the "Username" textbox at the "LoginPage" page(file:///C:/Users/ASUS/IdeaProjects/MyAutomation/src/test/resources/features/Test1.feature:8)
Caused by: org.openqa.selenium.TimeoutException: Expected condition failed: waiting for visibility of element located by By.xpath: //*[@id="loginForm"]/div[1]/div[1]/div/label/input (tried for 10 second(s) with 500 milliseconds interval)
Build info: version: '4.35.0', revision: '1c58e5028b'
System info: os.name: 'Windows 11', os.arch: 'amd64', os.version: '10.0', java.version: '24'
Driver info: org.openqa.selenium.edge.EdgeDriver
Capabilities {acceptInsecureCerts: false, browserName: MicrosoftEdge, browserVersion: 143.0.3650.66, fedcm:accounts: true, goog:processID: 19744, ms:edgeOptions: {debuggerAddress: localhost:65120}, msedge: {msedgedriverVersion: 143.0.3650.66 (507b0dd34c3d..., userDataDir: C:\Users\ASUS\AppData\Local...}, networkConnectionEnabled: false, pageLoadStrategy: normal, platformName: windows, proxy: Proxy(), se:cdp: ws://localhost:65120/devtoo..., se:cdpVersion: 143.0.3650.66, setWindowRect: true, strictFileInteractability: false, timeouts: {implicit: 0, pageLoad: 300000, script: 30000}, unhandledPromptBehavior: dismiss and notify, webauthn:extension:credBlob: true, webauthn:extension:largeBlob: true, webauthn:extension:minPinLength: true, webauthn:extension:prf: true, webauthn:virtualAuthenticators: true}
Session ID: 37b698070540d43b248f219d580332e4
at org.openqa.selenium.support.ui.WebDriverWait.timeoutException(WebDriverWait.java:84)
at org.openqa.selenium.support.ui.FluentWait.until(FluentWait.java:228)
at utils.LoadProperties.pageClass_LoadPage(LoadProperties.java:134)
... 2 more
]]>
    </error>
  </testcase> <!-- runScenario -->
  <testcase classname="Runners.BaseTestNGRunner" name="runScenario" time="12.914">
    <error message="Error: Expected condition failed: waiting for visibility of element located by By.name: username (tried for 10 second(s) with 500 milliseconds interval)
Build info: version: &#039;4.35.0&#039;, revision: &#039;1c58e5028b&#039;
System info: os.name: &#039;Windows 11&#039;, os.arch: &#039;amd64&#039;, os.version: &#039;10.0&#039;, java.version: &#039;24&#039;
Driver info: org.openqa.selenium.edge.EdgeDriver
Capabilities {acceptInsecureCerts: false, browserName: MicrosoftEdge, browserVersion: 143.0.3650.66, fedcm:accounts: true, goog:processID: 22092, ms:edgeOptions: {debuggerAddress: localhost:51143}, msedge: {msedgedriverVersion: 143.0.3650.66 (507b0dd34c3d..., userDataDir: C:\Users\ASUS\AppData\Local...}, networkConnectionEnabled: false, pageLoadStrategy: normal, platformName: windows, proxy: Proxy(), se:cdp: ws://localhost:51143/devtoo..., se:cdpVersion: 143.0.3650.66, setWindowRect: true, strictFileInteractability: false, timeouts: {implicit: 0, pageLoad: 300000, script: 30000}, unhandledPromptBehavior: dismiss and notify, webauthn:extension:credBlob: true, webauthn:extension:largeBlob: true, webauthn:extension:minPinLength: true, webauthn:extension:prf: true, webauthn:virtualAuthenticators: true}
Session ID: 34b8f41b54f7c9809dbe7324e19bda0c" type="java.lang.RuntimeException">
      <![CDATA[java.lang.RuntimeException: Error: Expected condition failed: waiting for visibility of element located by By.name: username (tried for 10 second(s) with 500 milliseconds interval)
Build info: version: '4.35.0', revision: '1c58e5028b'
System info: os.name: 'Windows 11', os.arch: 'amd64', os.version: '10.0', java.version: '24'
Driver info: org.openqa.selenium.edge.EdgeDriver
Capabilities {acceptInsecureCerts: false, browserName: MicrosoftEdge, browserVersion: 143.0.3650.66, fedcm:accounts: true, goog:processID: 22092, ms:edgeOptions: {debuggerAddress: localhost:51143}, msedge: {msedgedriverVersion: 143.0.3650.66 (507b0dd34c3d..., userDataDir: C:\Users\ASUS\AppData\Local...}, networkConnectionEnabled: false, pageLoadStrategy: normal, platformName: windows, proxy: Proxy(), se:cdp: ws://localhost:51143/devtoo..., se:cdpVersion: 143.0.3650.66, setWindowRect: true, strictFileInteractability: false, timeouts: {implicit: 0, pageLoad: 300000, script: 30000}, unhandledPromptBehavior: dismiss and notify, webauthn:extension:credBlob: true, webauthn:extension:largeBlob: true, webauthn:extension:minPinLength: true, webauthn:extension:prf: true, webauthn:virtualAuthenticators: true}
Session ID: 34b8f41b54f7c9809dbe7324e19bda0c
at utils.LoadProperties.pageClass_LoadPage(LoadProperties.java:147)
at stepDefinitions.UserLoginPage.Enter_UserName(UserLoginPage.java:16)
at ✽.the user enters UserName "subbu" into the "Username1" textbox at the "LoginPage" page(file:///C:/Users/ASUS/IdeaProjects/MyAutomation/src/test/resources/features/Scenario_Outline.feature:9)
Caused by: org.openqa.selenium.TimeoutException: Expected condition failed: waiting for visibility of element located by By.name: username (tried for 10 second(s) with 500 milliseconds interval)
Build info: version: '4.35.0', revision: '1c58e5028b'
System info: os.name: 'Windows 11', os.arch: 'amd64', os.version: '10.0', java.version: '24'
Driver info: org.openqa.selenium.edge.EdgeDriver
Capabilities {acceptInsecureCerts: false, browserName: MicrosoftEdge, browserVersion: 143.0.3650.66, fedcm:accounts: true, goog:processID: 22092, ms:edgeOptions: {debuggerAddress: localhost:51143}, msedge: {msedgedriverVersion: 143.0.3650.66 (507b0dd34c3d..., userDataDir: C:\Users\ASUS\AppData\Local...}, networkConnectionEnabled: false, pageLoadStrategy: normal, platformName: windows, proxy: Proxy(), se:cdp: ws://localhost:51143/devtoo..., se:cdpVersion: 143.0.3650.66, setWindowRect: true, strictFileInteractability: false, timeouts: {implicit: 0, pageLoad: 300000, script: 30000}, unhandledPromptBehavior: dismiss and notify, webauthn:extension:credBlob: true, webauthn:extension:largeBlob: true, webauthn:extension:minPinLength: true, webauthn:extension:prf: true, webauthn:virtualAuthenticators: true}
Session ID: 34b8f41b54f7c9809dbe7324e19bda0c
at org.openqa.selenium.support.ui.WebDriverWait.timeoutException(WebDriverWait.java:84)
at org.openqa.selenium.support.ui.FluentWait.until(FluentWait.java:228)
at utils.LoadProperties.pageClass_LoadPage(LoadProperties.java:134)
... 2 more
]]>
    </error>
  </testcase> <!-- runScenario -->
  <testcase classname="Runners.BaseTestNGRunner" name="runScenario" time="7.292"/>
  <testcase classname="Runners.BaseTestNGRunner" name="runScenario" time="16.438"/>
  <testcase classname="Runners.BaseTestNGRunner" name="runScenario" time="3.874"/>
  <testcase classname="Runners.BaseTestNGRunner" name="runScenario" time="17.107"/>
  <testcase classname="Runners.BaseTestNGRunner" name="runScenario" time="3.436"/>
  <testcase classname="Runners.BaseTestNGRunner" name="runScenario" time="4.282">
    <error message="Error: no such element: Unable to locate element: {&quot;method&quot;:&quot;xpath&quot;,&quot;selector&quot;:&quot;//*[@id=&quot;datepicker&quot;]&quot;}
  (Session info: MicrosoftEdge=143.0.3650.66)
For documentation on this error, please visit: https://www.selenium.dev/documentation/webdriver/troubleshooting/errors#no-such-element-exception
Build info: version: &#039;4.35.0&#039;, revision: &#039;1c58e5028b&#039;
System info: os.name: &#039;Windows 11&#039;, os.arch: &#039;amd64&#039;, os.version: &#039;10.0&#039;, java.version: &#039;24&#039;
Driver info: org.openqa.selenium.edge.EdgeDriver
Command: [6eea22493826645b9e5c35fd15207de0, findElement {value=//*[@id=&quot;datepicker&quot;], using=xpath}]
Capabilities {acceptInsecureCerts: false, browserName: MicrosoftEdge, browserVersion: 143.0.3650.66, fedcm:accounts: true, goog:processID: 4620, ms:edgeOptions: {debuggerAddress: localhost:52611}, msedge: {msedgedriverVersion: 143.0.3650.66 (507b0dd34c3d..., userDataDir: C:\Users\ASUS\AppData\Local...}, networkConnectionEnabled: false, pageLoadStrategy: normal, platformName: windows, proxy: Proxy(), se:cdp: ws://localhost:52611/devtoo..., se:cdpVersion: 143.0.3650.66, setWindowRect: true, strictFileInteractability: false, timeouts: {implicit: 0, pageLoad: 300000, script: 30000}, unhandledPromptBehavior: dismiss and notify, webauthn:extension:credBlob: true, webauthn:extension:largeBlob: true, webauthn:extension:minPinLength: true, webauthn:extension:prf: true, webauthn:virtualAuthenticators: true}
Session ID: 6eea22493826645b9e5c35fd15207de0" type="java.lang.RuntimeException">
      <![CDATA[java.lang.RuntimeException: Error: no such element: Unable to locate element: {"method":"xpath","selector":"//*[@id="datepicker"]"}
  (Session info: MicrosoftEdge=143.0.3650.66)
For documentation on this error, please visit: https://www.selenium.dev/documentation/webdriver/troubleshooting/errors#no-such-element-exception
Build info: version: '4.35.0', revision: '1c58e5028b'
System info: os.name: 'Windows 11', os.arch: 'amd64', os.version: '10.0', java.version: '24'
Driver info: org.openqa.selenium.edge.EdgeDriver
Command: [6eea22493826645b9e5c35fd15207de0, findElement {value=//*[@id="datepicker"], using=xpath}]
Capabilities {acceptInsecureCerts: false, browserName: MicrosoftEdge, browserVersion: 143.0.3650.66, fedcm:accounts: true, goog:processID: 4620, ms:edgeOptions: {debuggerAddress: localhost:52611}, msedge: {msedgedriverVersion: 143.0.3650.66 (507b0dd34c3d..., userDataDir: C:\Users\ASUS\AppData\Local...}, networkConnectionEnabled: false, pageLoadStrategy: normal, platformName: windows, proxy: Proxy(), se:cdp: ws://localhost:52611/devtoo..., se:cdpVersion: 143.0.3650.66, setWindowRect: true, strictFileInteractability: false, timeouts: {implicit: 0, pageLoad: 300000, script: 30000}, unhandledPromptBehavior: dismiss and notify, webauthn:extension:credBlob: true, webauthn:extension:largeBlob: true, webauthn:extension:minPinLength: true, webauthn:extension:prf: true, webauthn:virtualAuthenticators: true}
Session ID: 6eea22493826645b9e5c35fd15207de0
at utils.LoadProperties.pageClass_button(LoadProperties.java:177)
at stepDefinitions.UserLoginPage.Click_button(UserLoginPage.java:42)
at ✽.the user clicks the "calender_button" element at the "LoginPage" page(file:///C:/Users/ASUS/IdeaProjects/MyAutomation/src/test/resources/features/calender.feature:10)
Caused by: org.openqa.selenium.NoSuchElementException: no such element: Unable to locate element: {"method":"xpath","selector":"//*[@id="datepicker"]"}
  (Session info: MicrosoftEdge=143.0.3650.66)
For documentation on this error, please visit: https://www.selenium.dev/documentation/webdriver/troubleshooting/errors#no-such-element-exception
Build info: version: '4.35.0', revision: '1c58e5028b'
System info: os.name: 'Windows 11', os.arch: 'amd64', os.version: '10.0', java.version: '24'
Driver info: org.openqa.selenium.edge.EdgeDriver
Command: [6eea22493826645b9e5c35fd15207de0, findElement {value=//*[@id="datepicker"], using=xpath}]
Capabilities {acceptInsecureCerts: false, browserName: MicrosoftEdge, browserVersion: 143.0.3650.66, fedcm:accounts: true, goog:processID: 4620, ms:edgeOptions: {debuggerAddress: localhost:52611}, msedge: {msedgedriverVersion: 143.0.3650.66 (507b0dd34c3d..., userDataDir: C:\Users\ASUS\AppData\Local...}, networkConnectionEnabled: false, pageLoadStrategy: normal, platformName: windows, proxy: Proxy(), se:cdp: ws://localhost:52611/devtoo..., se:cdpVersion: 143.0.3650.66, setWindowRect: true, strictFileInteractability: false, timeouts: {implicit: 0, pageLoad: 300000, script: 30000}, unhandledPromptBehavior: dismiss and notify, webauthn:extension:credBlob: true, webauthn:extension:largeBlob: true, webauthn:extension:minPinLength: true, webauthn:extension:prf: true, webauthn:virtualAuthenticators: true}
Session ID: 6eea22493826645b9e5c35fd15207de0
at java.base/jdk.internal.reflect.DirectConstructorHandleAccessor.newInstance(DirectConstructorHandleAccessor.java:62)
at java.base/java.lang.reflect.Constructor.newInstanceWithCaller(Constructor.java:499)
at java.base/java.lang.reflect.Constructor.newInstance(Constructor.java:483)
at org.openqa.selenium.remote.ErrorCodec.decode(ErrorCodec.java:167)
at org.openqa.selenium.remote.codec.w3c.W3CHttpResponseCodec.decode(W3CHttpResponseCodec.java:138)
at org.openqa.selenium.remote.codec.w3c.W3CHttpResponseCodec.decode(W3CHttpResponseCodec.java:50)
at org.openqa.selenium.remote.HttpCommandExecutor.execute(HttpCommandExecutor.java:215)
at org.openqa.selenium.remote.service.DriverCommandExecutor.invokeExecute(DriverCommandExecutor.java:216)
at org.openqa.selenium.remote.service.DriverCommandExecutor.execute(DriverCommandExecutor.java:174)
at org.openqa.selenium.remote.RemoteWebDriver.execute(RemoteWebDriver.java:557)
at org.openqa.selenium.remote.ElementLocation$ElementFinder$2.findElement(ElementLocation.java:165)
at org.openqa.selenium.remote.ElementLocation.findElement(ElementLocation.java:59)
at org.openqa.selenium.remote.RemoteWebDriver.findElement(RemoteWebDriver.java:380)
at org.openqa.selenium.remote.RemoteWebDriver.findElement(RemoteWebDriver.java:374)
at utils.LoadProperties.pageClass_button(LoadProperties.java:169)
... 2 more
]]>
    </error>
  </testcase> <!-- runScenario -->
</testsuite> <!-- Runners.BaseTestNGRunner -->
