<?xml version="1.0" encoding="UTF-8"?>
<!-- Generated by org.testng.reporters.JUnitReportReporter -->
<testsuite hostname="STARK" failures="0" tests="2" name="Runners.TestNGRunner" time="11.592" errors="1" timestamp="2025-06-10T00:44:08 IST" skipped="0">
  <testcase classname="Runners.TestNGRunner" name="runScenario" time="4.580"/>
  <testcase classname="Runners.TestNGRunner" name="runScenario" time="7.012">
    <error message="subb ---&gt;  not found in credentials.properties file." type="java.lang.RuntimeException">
      <![CDATA[java.lang.RuntimeException: subb --->  not found in credentials.properties file.
at utils.LoadProperties.pageClass_LoadPage(LoadProperties.java:103)
at stepDefinitions.UserLoginPage.Enter_UserName(UserLoginPage.java:16)
at ✽.the user enters UserName "subb" into the "Username1" textbox at the "LoginPage" page(file:///C:/Users/ASUS/IdeaProjects/MyAutomation/src/test/resources/features/Scenario_Outline.feature:9)
]]>
    </error>
  </testcase> <!-- runScenario -->
</testsuite> <!-- Runners.TestNGRunner -->
