<?xml version="1.0" encoding="UTF-8"?>
<!-- Generated by org.testng.reporters.JUnitReportReporter -->
<testsuite hostname="STARK" failures="0" tests="3" name="Runners.BaseTestNGRunner" time="14.249" errors="1" timestamp="2025-06-02T21:08:35 IST" skipped="0">
  <testcase classname="Runners.BaseTestNGRunner" name="runScenario" time="3.770"/>
  <testcase classname="Runners.BaseTestNGRunner" name="runScenario" time="2.862">
    <error message="subb ---&gt;  not found in credentials.properties file." type="java.lang.RuntimeException">
      <![CDATA[java.lang.RuntimeException: subb --->  not found in credentials.properties file.
at utils.LoadProperties.pageClass_LoadPage(LoadProperties.java:103)
at stepDefinitions.UserLoginPage.Enter_UserName(UserLoginPage.java:12)
at ✽.the user enters UserName "subb" into the "Username1" textbox at the "LoginPage" page(file:///C:/Users/ASUS/IdeaProjects/MyAutomation/src/test/resources/features/Scenario_Outline.feature:9)
]]>
    </error>
  </testcase> <!-- runScenario -->
  <testcase classname="Runners.BaseTestNGRunner" name="runScenario" time="7.617"/>
</testsuite> <!-- Runners.BaseTestNGRunner -->
