[03:48:34 am] [INFO] <=== Starting Scenario: check windowhandles ===>
[03:48:39 am] [INFO] Step [Passed]: Launch "WindowHandlePage" WebPage
[03:48:40 am] [INFO] Step [Passed]: User click the "Window_Button" element at "WHPage" page
[03:48:40 am] [INFO] Step [Passed]: And the user validate the page title with"Window Handles Practice - H Y R Tutorials"
[03:48:45 am] [INFO] Step [Passed]: And the user waits for "5" seconds 
[03:48:45 am] [INFO] Step [Passed]: Then the user switch to "firstWindow"
[03:48:46 am] [INFO] Step [Passed]: And the user validate the page title with"Basic Controls - H Y R Tutorials"
[03:48:46 am] [INFO] Step [Passed]: Then the user switch to "parentwindow"
[03:48:51 am] [INFO] Step [Passed]: And the user waits for "5" seconds 
[03:48:51 am] [INFO] Step [Passed]: And the user validate the page title with"Window Handles Practice - H Y R Tutorials"
[03:48:51 am] [ERROR] Step [Failed]: User click the "Tab_Button" element at "WHPage" page
[03:48:51 am] [ERROR] { ERROR ---> }: Error: no such element: Unable to locate element: {"method":"tag name","selector":"//*[@id="newTabBtn"]"}
  (Session info: MicrosoftEdge=142.0.3595.94)
For documentation on this error, please visit: https://www.selenium.dev/documentation/webdriver/troubleshooting/errors#no-such-element-exception
Build info: version: '4.35.0', revision: '1c58e5028b'
System info: os.name: 'Windows 11', os.arch: 'amd64', os.version: '10.0', java.version: '24'
Driver info: org.openqa.selenium.edge.EdgeDriver
Command: [11cda674f42f3b73cf964d6ea6feb32d, findElement {using=tag name, value=//*[@id="newTabBtn"]}]
Capabilities {acceptInsecureCerts: false, browserName: MicrosoftEdge, browserVersion: 142.0.3595.94, fedcm:accounts: true, goog:processID: 34188, ms:edgeOptions: {debuggerAddress: localhost:56576}, msedge: {msedgedriverVersion: 142.0.3595.94 (6565d6e52817..., userDataDir: C:\Users\ASUS\AppData\Local...}, networkConnectionEnabled: false, pageLoadStrategy: normal, platformName: windows, proxy: Proxy(), se:cdp: ws://localhost:56576/devtoo..., se:cdpVersion: 142.0.3595.94, setWindowRect: true, strictFileInteractability: false, timeouts: {implicit: 0, pageLoad: 300000, script: 30000}, unhandledPromptBehavior: dismiss and notify, webauthn:extension:credBlob: true, webauthn:extension:largeBlob: true, webauthn:extension:minPinLength: true, webauthn:extension:prf: true, webauthn:virtualAuthenticators: true}
Session ID: 11cda674f42f3b73cf964d6ea6feb32d
java.lang.RuntimeException: Error: no such element: Unable to locate element: {"method":"tag name","selector":"//*[@id="newTabBtn"]"}
  (Session info: MicrosoftEdge=142.0.3595.94)
For documentation on this error, please visit: https://www.selenium.dev/documentation/webdriver/troubleshooting/errors#no-such-element-exception
Build info: version: '4.35.0', revision: '1c58e5028b'
System info: os.name: 'Windows 11', os.arch: 'amd64', os.version: '10.0', java.version: '24'
Driver info: org.openqa.selenium.edge.EdgeDriver
Command: [11cda674f42f3b73cf964d6ea6feb32d, findElement {using=tag name, value=//*[@id="newTabBtn"]}]
Capabilities {acceptInsecureCerts: false, browserName: MicrosoftEdge, browserVersion: 142.0.3595.94, fedcm:accounts: true, goog:processID: 34188, ms:edgeOptions: {debuggerAddress: localhost:56576}, msedge: {msedgedriverVersion: 142.0.3595.94 (6565d6e52817..., userDataDir: C:\Users\ASUS\AppData\Local...}, networkConnectionEnabled: false, pageLoadStrategy: normal, platformName: windows, proxy: Proxy(), se:cdp: ws://localhost:56576/devtoo..., se:cdpVersion: 142.0.3595.94, setWindowRect: true, strictFileInteractability: false, timeouts: {implicit: 0, pageLoad: 300000, script: 30000}, unhandledPromptBehavior: dismiss and notify, webauthn:extension:credBlob: true, webauthn:extension:largeBlob: true, webauthn:extension:minPinLength: true, webauthn:extension:prf: true, webauthn:virtualAuthenticators: true}
Session ID: 11cda674f42f3b73cf964d6ea6feb32d
	at utils.LoadProperties.pageClass_button(LoadProperties.java:166) ~[test-classes/:?]
	at stepDefinitions.UserLoginPage.Click_button(UserLoginPage.java:42) [test-classes/:?]
	at java.base/jdk.internal.reflect.DirectMethodHandleAccessor.invoke(DirectMethodHandleAccessor.java:104) ~[?:?]
	at java.base/java.lang.reflect.Method.invoke(Method.java:565) ~[?:?]
	at io.cucumber.java.Invoker.doInvoke(Invoker.java:66) [cucumber-java-7.22.1.jar:7.22.1]
	at io.cucumber.java.Invoker.invoke(Invoker.java:24) [cucumber-java-7.22.1.jar:7.22.1]
	at io.cucumber.java.AbstractGlueDefinition.invokeMethod(AbstractGlueDefinition.java:47) [cucumber-java-7.22.1.jar:7.22.1]
	at io.cucumber.java.JavaStepDefinition.execute(JavaStepDefinition.java:29) [cucumber-java-7.22.1.jar:7.22.1]
	at io.cucumber.core.runner.CoreStepDefinition.execute(CoreStepDefinition.java:66) [cucumber-core-7.22.1.jar:7.22.1]
	at io.cucumber.core.runner.PickleStepDefinitionMatch.runStep(PickleStepDefinitionMatch.java:62) [cucumber-core-7.22.1.jar:7.22.1]
	at io.cucumber.core.runner.ExecutionMode$1.execute(ExecutionMode.java:10) [cucumber-core-7.22.1.jar:7.22.1]
	at io.cucumber.core.runner.TestStep.executeStep(TestStep.java:81) [cucumber-core-7.22.1.jar:7.22.1]
	at io.cucumber.core.runner.TestStep.run(TestStep.java:53) [cucumber-core-7.22.1.jar:7.22.1]
	at io.cucumber.core.runner.PickleStepTestStep.run(PickleStepTestStep.java:51) [cucumber-core-7.22.1.jar:7.22.1]
	at io.cucumber.core.runner.TestCase.run(TestCase.java:86) [cucumber-core-7.22.1.jar:7.22.1]
	at io.cucumber.core.runner.Runner.runPickle(Runner.java:77) [cucumber-core-7.22.1.jar:7.22.1]
	at io.cucumber.core.runtime.Runtime.lambda$executePickle$6(Runtime.java:107) [cucumber-core-7.22.1.jar:7.22.1]
	at io.cucumber.core.runtime.CucumberExecutionContext.lambda$runTestCase$5(CucumberExecutionContext.java:136) [cucumber-core-7.22.1.jar:7.22.1]
	at io.cucumber.core.runtime.RethrowingThrowableCollector.executeAndThrow(RethrowingThrowableCollector.java:23) [cucumber-core-7.22.1.jar:7.22.1]
	at io.cucumber.core.runtime.CucumberExecutionContext.runTestCase(CucumberExecutionContext.java:136) [cucumber-core-7.22.1.jar:7.22.1]
	at io.cucumber.core.runtime.Runtime.lambda$executePickle$7(Runtime.java:107) [cucumber-core-7.22.1.jar:7.22.1]
	at java.base/java.util.concurrent.Executors$RunnableAdapter.call(Executors.java:545) [?:?]
	at java.base/java.util.concurrent.FutureTask.run(FutureTask.java:328) [?:?]
	at io.cucumber.core.runtime.Runtime$SameThreadExecutorService.execute(Runtime.java:235) [cucumber-core-7.22.1.jar:7.22.1]
	at java.base/java.util.concurrent.AbstractExecutorService.submit(AbstractExecutorService.java:124) [?:?]
	at io.cucumber.core.runtime.Runtime.lambda$runFeatures$3(Runtime.java:89) [cucumber-core-7.22.1.jar:7.22.1]
	at java.base/java.util.stream.ReferencePipeline$3$1.accept(ReferencePipeline.java:215) [?:?]
	at java.base/java.util.stream.SliceOps$1$1.accept(SliceOps.java:200) [?:?]
	at java.base/java.util.ArrayList$ArrayListSpliterator.tryAdvance(ArrayList.java:1693) [?:?]
	at java.base/java.util.stream.ReferencePipeline.forEachWithCancel(ReferencePipeline.java:147) [?:?]
	at java.base/java.util.stream.AbstractPipeline.copyIntoWithCancel(AbstractPipeline.java:588) [?:?]
	at java.base/java.util.stream.AbstractPipeline.copyInto(AbstractPipeline.java:574) [?:?]
	at java.base/java.util.stream.AbstractPipeline.wrapAndCopyInto(AbstractPipeline.java:560) [?:?]
	at java.base/java.util.stream.ReduceOps$ReduceOp.evaluateSequential(ReduceOps.java:921) [?:?]
	at java.base/java.util.stream.AbstractPipeline.evaluate(AbstractPipeline.java:265) [?:?]
	at java.base/java.util.stream.ReferencePipeline.collect(ReferencePipeline.java:727) [?:?]
	at io.cucumber.core.runtime.Runtime.runFeatures(Runtime.java:90) [cucumber-core-7.22.1.jar:7.22.1]
	at io.cucumber.core.runtime.Runtime.lambda$run$0(Runtime.java:78) [cucumber-core-7.22.1.jar:7.22.1]
	at io.cucumber.core.runtime.CucumberExecutionContext.lambda$runFeatures$6(CucumberExecutionContext.java:147) [cucumber-core-7.22.1.jar:7.22.1]
	at io.cucumber.core.runtime.CucumberExecutionContext.execute(CucumberExecutionContext.java:162) [cucumber-core-7.22.1.jar:7.22.1]
	at io.cucumber.core.runtime.CucumberExecutionContext.runFeatures(CucumberExecutionContext.java:145) [cucumber-core-7.22.1.jar:7.22.1]
	at io.cucumber.core.runtime.Runtime.run(Runtime.java:78) [cucumber-core-7.22.1.jar:7.22.1]
	at io.cucumber.core.cli.Main.run(Main.java:87) [cucumber-core-7.22.1.jar:7.22.1]
	at cucumber.api.cli.Main.run(Main.java:30) [cucumber-core-7.22.1.jar:7.22.1]
	at cucumber.api.cli.Main.main(Main.java:15) [cucumber-core-7.22.1.jar:7.22.1]
Caused by: org.openqa.selenium.NoSuchElementException: no such element: Unable to locate element: {"method":"tag name","selector":"//*[@id="newTabBtn"]"}
  (Session info: MicrosoftEdge=142.0.3595.94)
For documentation on this error, please visit: https://www.selenium.dev/documentation/webdriver/troubleshooting/errors#no-such-element-exception
Build info: version: '4.35.0', revision: '1c58e5028b'
System info: os.name: 'Windows 11', os.arch: 'amd64', os.version: '10.0', java.version: '24'
Driver info: org.openqa.selenium.edge.EdgeDriver
Command: [11cda674f42f3b73cf964d6ea6feb32d, findElement {using=tag name, value=//*[@id="newTabBtn"]}]
Capabilities {acceptInsecureCerts: false, browserName: MicrosoftEdge, browserVersion: 142.0.3595.94, fedcm:accounts: true, goog:processID: 34188, ms:edgeOptions: {debuggerAddress: localhost:56576}, msedge: {msedgedriverVersion: 142.0.3595.94 (6565d6e52817..., userDataDir: C:\Users\ASUS\AppData\Local...}, networkConnectionEnabled: false, pageLoadStrategy: normal, platformName: windows, proxy: Proxy(), se:cdp: ws://localhost:56576/devtoo..., se:cdpVersion: 142.0.3595.94, setWindowRect: true, strictFileInteractability: false, timeouts: {implicit: 0, pageLoad: 300000, script: 30000}, unhandledPromptBehavior: dismiss and notify, webauthn:extension:credBlob: true, webauthn:extension:largeBlob: true, webauthn:extension:minPinLength: true, webauthn:extension:prf: true, webauthn:virtualAuthenticators: true}
Session ID: 11cda674f42f3b73cf964d6ea6feb32d
	at java.base/jdk.internal.reflect.DirectConstructorHandleAccessor.newInstance(DirectConstructorHandleAccessor.java:62) ~[?:?]
	at java.base/java.lang.reflect.Constructor.newInstanceWithCaller(Constructor.java:499) ~[?:?]
	at java.base/java.lang.reflect.Constructor.newInstance(Constructor.java:483) ~[?:?]
	at org.openqa.selenium.remote.ErrorCodec.decode(ErrorCodec.java:167) ~[selenium-remote-driver-4.35.0.jar:?]
	at org.openqa.selenium.remote.codec.w3c.W3CHttpResponseCodec.decode(W3CHttpResponseCodec.java:138) ~[selenium-remote-driver-4.35.0.jar:?]
	at org.openqa.selenium.remote.codec.w3c.W3CHttpResponseCodec.decode(W3CHttpResponseCodec.java:50) ~[selenium-remote-driver-4.35.0.jar:?]
	at org.openqa.selenium.remote.HttpCommandExecutor.execute(HttpCommandExecutor.java:215) ~[selenium-remote-driver-4.35.0.jar:?]
	at org.openqa.selenium.remote.service.DriverCommandExecutor.invokeExecute(DriverCommandExecutor.java:216) ~[selenium-remote-driver-4.35.0.jar:?]
	at org.openqa.selenium.remote.service.DriverCommandExecutor.execute(DriverCommandExecutor.java:174) ~[selenium-remote-driver-4.35.0.jar:?]
	at org.openqa.selenium.remote.RemoteWebDriver.execute(RemoteWebDriver.java:557) ~[selenium-remote-driver-4.35.0.jar:?]
	at org.openqa.selenium.remote.ElementLocation$ElementFinder$2.findElement(ElementLocation.java:165) ~[selenium-remote-driver-4.35.0.jar:?]
	at org.openqa.selenium.remote.ElementLocation.findElement(ElementLocation.java:59) ~[selenium-remote-driver-4.35.0.jar:?]
	at org.openqa.selenium.remote.RemoteWebDriver.findElement(RemoteWebDriver.java:380) ~[selenium-remote-driver-4.35.0.jar:?]
	at org.openqa.selenium.remote.RemoteWebDriver.findElement(RemoteWebDriver.java:374) ~[selenium-remote-driver-4.35.0.jar:?]
	at utils.LoadProperties.pageClass_button(LoadProperties.java:158) ~[test-classes/:?]
	... 44 more
[03:48:51 am] [DEBUG] Save core properties part
[03:48:51 am] [DEBUG] Save content types part
[03:48:51 am] [DEBUG] Save package relationships
[03:48:51 am] [DEBUG] Save part 'docProps/app.xml'
[03:48:51 am] [DEBUG] Save part 'docProps/core.xml'
[03:48:51 am] [DEBUG] Save part 'word/document.xml'
[03:48:51 am] [DEBUG] Save part 'word/media/image1.png'
[03:48:51 am] [DEBUG] Save part 'word/media/image2.png'
[03:48:51 am] [DEBUG] Save part 'word/media/image3.png'
[03:48:51 am] [DEBUG] Save part 'word/media/image4.png'
[03:48:51 am] [DEBUG] Save part 'word/media/image5.png'
[03:48:51 am] [DEBUG] Save part 'word/settings.xml'
